<?xml version="1.0" encoding="UTF-8"?>
<testng-results ignored="0" total="1" passed="1" failed="0" skipped="0">
  <reporter-output>
  </reporter-output>
  <suite started-at="2026-03-01T12:00:09 IST" name="Surefire suite" finished-at="2026-03-01T12:00:43 IST" duration-ms="33753">
    <groups>
    </groups>
    <test started-at="2026-03-01T12:00:09 IST" name="Surefire test" finished-at="2026-03-01T12:00:43 IST" duration-ms="33753">
      <class name="tests.Search_in_Google_Mobile_Automation_Search">
        <test-method is-config="true" signature="setup()[pri:0, instance:tests.Search_in_Google_Mobile_Automation_Search@a4102b8]" started-at="2026-03-01T12:00:09 IST" name="setup" finished-at="2026-03-01T12:00:29 IST" duration-ms="19625" status="PASS">
          <reporter-output>
          </reporter-output>
        </test-method> <!-- setup -->
        <test-method signature="searchInChrome()[pri:0, instance:tests.Search_in_Google_Mobile_Automation_Search@a4102b8]" started-at="2026-03-01T12:00:29 IST" name="searchInChrome" finished-at="2026-03-01T12:00:43 IST" duration-ms="14060" status="PASS">
          <reporter-output>
          </reporter-output>
        </test-method> <!-- searchInChrome -->
      </class> <!-- tests.Search_in_Google_Mobile_Automation_Search -->
    </test> <!-- Surefire test -->
  </suite> <!-- Surefire suite -->
</testng-results>
